d:\documentos\matediscreta\proyecto-discretas2.0\debug\vc141.pdb
d:\documentos\matediscreta\proyecto-discretas2.0\debug\.netframework,version=v4.5.assemblyattributes.obj
d:\documentos\matediscreta\proyecto-discretas2.0\debug\.netframework,version=v4.5.assemblyattributes.asm
d:\documentos\matediscreta\proyecto-discretas2.0\debug\source.obj
d:\documentos\matediscreta\proyecto-discretas2.0\debug\diagramawindow.obj
d:\documentos\matediscreta\proyecto-discretas2.0\debug\proyecto-discretas2.0.exe
d:\documentos\matediscreta\proyecto-discretas2.0\debug\proyecto-discretas2.0.pdb
d:\documentos\matediscreta\proyecto-discretas2.0\debug\proyectodiscretas20.diagramawindow.resources
d:\documentos\matediscreta\proyecto-discretas2.0\debug\proyecto-discretas2.0.vcxproj.generateresource.cache
d:\documentos\matediscreta\proyecto-discretas2.0\debug\proyecto-discretas2.0.vcxprojresolveassemblyreference.cache
d:\documentos\matediscreta\proyecto-discretas2.0\debug\proyecto-discretas2.0.exe.metagen
d:\documentos\matediscreta\proyecto-discretas2.0\debug\proyecto.eae92b9e.tlog\cl.command.1.tlog
d:\documentos\matediscreta\proyecto-discretas2.0\debug\proyecto.eae92b9e.tlog\cl.read.1.tlog
d:\documentos\matediscreta\proyecto-discretas2.0\debug\proyecto.eae92b9e.tlog\cl.write.1.tlog
d:\documentos\matediscreta\proyecto-discretas2.0\debug\proyecto.eae92b9e.tlog\link.command.1.tlog
d:\documentos\matediscreta\proyecto-discretas2.0\debug\proyecto.eae92b9e.tlog\link.read.1.tlog
d:\documentos\matediscreta\proyecto-discretas2.0\debug\proyecto.eae92b9e.tlog\link.write.1.tlog
d:\documentos\matediscreta\proyecto-discretas2.0\debug\proyecto.eae92b9e.tlog\metagen.read.1.tlog
d:\documentos\matediscreta\proyecto-discretas2.0\debug\proyecto.eae92b9e.tlog\metagen.write.1.tlog
d:\documentos\matediscreta\proyecto-discretas2.0\debug\proyecto.eae92b9e.tlog\proyecto-discretas2.0.write.1u.tlog
d:\documentos\matediscreta\proyecto-discretas2.0\debug\proyecto.eae92b9e.tlog\tzres.dll.bi
